timestamp: 2017-11-14T00:19:43.996611
CREATE TABLE auth_user(
    id INTEGER PRIMARY KEY AUTOINCREMENT,
    first_name CHAR(128),
    last_name CHAR(128),
    email CHAR(512),
    password CHAR(512),
    registration_key CHAR(512),
    reset_password_key CHAR(512),
    registration_id CHAR(512)
);
success!
timestamp: 2017-11-14T00:19:44.213998
CREATE TABLE auth_group(
    id INTEGER PRIMARY KEY AUTOINCREMENT,
    role CHAR(512),
    description TEXT
);
success!
timestamp: 2017-11-14T00:19:44.391524
CREATE TABLE auth_membership(
    id INTEGER PRIMARY KEY AUTOINCREMENT,
    user_id INTEGER REFERENCES auth_user (id) ON DELETE CASCADE  ,
    group_id INTEGER REFERENCES auth_group (id) ON DELETE CASCADE  
);
success!
timestamp: 2017-11-14T00:19:44.527013
CREATE TABLE auth_permission(
    id INTEGER PRIMARY KEY AUTOINCREMENT,
    group_id INTEGER REFERENCES auth_group (id) ON DELETE CASCADE  ,
    name CHAR(512),
    table_name CHAR(512),
    record_id INTEGER
);
success!
timestamp: 2017-11-14T00:19:44.659376
CREATE TABLE auth_event(
    id INTEGER PRIMARY KEY AUTOINCREMENT,
    time_stamp TIMESTAMP,
    client_ip CHAR(512),
    user_id INTEGER REFERENCES auth_user (id) ON DELETE CASCADE  ,
    origin CHAR(512),
    description TEXT
);
success!
timestamp: 2017-11-14T00:19:44.827643
CREATE TABLE auth_cas(
    id INTEGER PRIMARY KEY AUTOINCREMENT,
    user_id INTEGER REFERENCES auth_user (id) ON DELETE CASCADE  ,
    created_on TIMESTAMP,
    service CHAR(512),
    ticket CHAR(512),
    renew CHAR(1)
);
success!
timestamp: 2017-11-16T22:09:52.648705
ALTER TABLE auth_user ADD tipo CHAR(512);
timestamp: 2017-11-16T22:09:52.888194
ALTER TABLE auth_user ADD instituicao CHAR(100) NOT NULL;
timestamp: 2017-11-16T22:10:13.302094
ALTER TABLE auth_user ADD instituicao CHAR(100) NOT NULL;
timestamp: 2017-11-16T22:10:39.440611
ALTER TABLE auth_user ADD instituicao CHAR(100);
success!
timestamp: 2017-11-17T20:09:28.258046
CREATE TABLE conferencia(
    id INTEGER PRIMARY KEY AUTOINCREMENT,
    nome CHAR(512) NOT NULL,
    sigla CHAR(512) NOT NULL,
    pais CHAR(512),
    data_inicio DATE,
    data_fim DATE
);
success!
timestamp: 2017-11-18T00:57:34.643328
CREATE TABLE artigo(
    id INTEGER PRIMARY KEY AUTOINCREMENT,
    titulo CHAR(512) NOT NULL,
    autor CHAR(512) NOT NULL,
    email CHAR(512) NOT NULL,
    keywords CHAR(512),
    resumo TEXT,
    arquivo CHAR(512) NOT NULL
);
success!
timestamp: 2017-11-20T23:27:29.562061
CREATE TABLE taxpayer(
    id INTEGER PRIMARY KEY AUTOINCREMENT,
    spouse_name CHAR(512)
);
success!
timestamp: 2017-11-20T23:36:47.916427
CREATE TABLE people(
    id INTEGER PRIMARY KEY AUTOINCREMENT,
    person CHAR(512)
);
success!
timestamp: 2017-11-26T22:08:33.417471
ALTER TABLE artigo ADD autor3 CHAR(512) NOT NULL;
timestamp: 2017-11-26T22:10:06.595004
ALTER TABLE artigo ADD autor3 CHAR(512) NOT NULL;
timestamp: 2017-11-26T22:10:07.410107
ALTER TABLE artigo ADD autor3 CHAR(512) NOT NULL;
timestamp: 2017-11-26T22:10:36.406010
ALTER TABLE artigo ADD autor3 CHAR(512) NOT NULL;
timestamp: 2017-11-26T22:11:14.210417
ALTER TABLE artigo ADD autor3 CHAR(512) NOT NULL;
timestamp: 2017-11-26T22:11:40.159590
CREATE TABLE article(
    id INTEGER PRIMARY KEY AUTOINCREMENT,
    titulo CHAR(512) NOT NULL,
    autor CHAR(512) NOT NULL,
    autor2 CHAR(512) NOT NULL,
    autor3 CHAR(512) NOT NULL,
    email CHAR(512) NOT NULL,
    email2 CHAR(512),
    email3 CHAR(512),
    keywords CHAR(512),
    resumo TEXT,
    arquivo CHAR(512)
);
success!
timestamp: 2017-12-04T22:17:51.161535
ALTER TABLE article ADD status_id CHAR(512);
success!
timestamp: 2017-12-04T22:18:25.650262
CREATE TABLE article_submit(
    id INTEGER PRIMARY KEY AUTOINCREMENT,
    titulo CHAR(512) NOT NULL,
    autor CHAR(512) NOT NULL,
    autor2 CHAR(512) NOT NULL,
    autor3 CHAR(512) NOT NULL,
    email CHAR(512) NOT NULL,
    email2 CHAR(512),
    email3 CHAR(512),
    keywords CHAR(512),
    status_id CHAR(512),
    resumo TEXT,
    arquivo CHAR(512)
);
success!
timestamp: 2017-12-04T22:18:25.895453
ALTER TABLE article ADD status CHAR(512);
success!
success!
success!
success!
timestamp: 2017-12-04T22:19:46.711660
CREATE TABLE status(
    id INTEGER PRIMARY KEY AUTOINCREMENT,
    status CHAR(512)
);
success!
success!
success!
success!
success!
success!
success!
success!
success!
success!
success!
success!
success!
success!
success!
success!
success!
timestamp: 2017-12-11T23:18:28.715870
CREATE TABLE revisor(
    id INTEGER PRIMARY KEY AUTOINCREMENT,
    nome_revisor CHAR(512),
    artigo_revisao CHAR(512)
);
success!
success!
success!
success!
success!
success!
success!
success!
